<?xml version="1.0" encoding="UTF-8"?>
<testsuite name="com.gomjae.book.springboot.web.PostsApiControllerTest" tests="1" skipped="0" failures="0" errors="0" timestamp="2020-01-17T02:31:13" hostname="DESKTOP-SSB7QJB" time="1.224">
  <properties/>
  <testcase name="Posts_등록된다" classname="com.gomjae.book.springboot.web.PostsApiControllerTest" time="1.224"/>
  <system-out><![CDATA[11:31:00.741 [Test worker] DEBUG org.springframework.test.context.junit4.SpringJUnit4ClassRunner - SpringJUnit4ClassRunner constructor called with [class com.gomjae.book.springboot.web.PostsApiControllerTest]
11:31:00.760 [Test worker] DEBUG org.springframework.test.context.BootstrapUtils - Instantiating CacheAwareContextLoaderDelegate from class [org.springframework.test.context.cache.DefaultCacheAwareContextLoaderDelegate]
11:31:00.777 [Test worker] DEBUG org.springframework.test.context.BootstrapUtils - Instantiating BootstrapContext using constructor [public org.springframework.test.context.support.DefaultBootstrapContext(java.lang.Class,org.springframework.test.context.CacheAwareContextLoaderDelegate)]
11:31:00.808 [Test worker] DEBUG org.springframework.test.context.BootstrapUtils - Instantiating TestContextBootstrapper for test class [com.gomjae.book.springboot.web.PostsApiControllerTest] from class [org.springframework.boot.test.context.SpringBootTestContextBootstrapper]
11:31:00.830 [Test worker] INFO org.springframework.boot.test.context.SpringBootTestContextBootstrapper - Neither @ContextConfiguration nor @ContextHierarchy found for test class [com.gomjae.book.springboot.web.PostsApiControllerTest], using SpringBootContextLoader
11:31:00.838 [Test worker] DEBUG org.springframework.test.context.support.AbstractContextLoader - Did not detect default resource location for test class [com.gomjae.book.springboot.web.PostsApiControllerTest]: class path resource [com/gomjae/book/springboot/web/PostsApiControllerTest-context.xml] does not exist
11:31:00.841 [Test worker] DEBUG org.springframework.test.context.support.AbstractContextLoader - Did not detect default resource location for test class [com.gomjae.book.springboot.web.PostsApiControllerTest]: class path resource [com/gomjae/book/springboot/web/PostsApiControllerTestContext.groovy] does not exist
11:31:00.842 [Test worker] INFO org.springframework.test.context.support.AbstractContextLoader - Could not detect default resource locations for test class [com.gomjae.book.springboot.web.PostsApiControllerTest]: no resource found for suffixes {-context.xml, Context.groovy}.
11:31:00.844 [Test worker] INFO org.springframework.test.context.support.AnnotationConfigContextLoaderUtils - Could not detect default configuration classes for test class [com.gomjae.book.springboot.web.PostsApiControllerTest]: PostsApiControllerTest does not declare any static, non-private, non-final, nested classes annotated with @Configuration.
11:31:00.949 [Test worker] DEBUG org.springframework.test.context.support.ActiveProfilesUtils - Could not find an 'annotation declaring class' for annotation type [org.springframework.test.context.ActiveProfiles] and class [com.gomjae.book.springboot.web.PostsApiControllerTest]
11:31:01.114 [Test worker] DEBUG org.springframework.context.annotation.ClassPathScanningCandidateComponentProvider - Identified candidate component class: file [C:\Users\mmp10\IdeaProjects\springboot-service-project\build\classes\java\main\com\gomjae\book\springboot\Application.class]
11:31:01.117 [Test worker] INFO org.springframework.boot.test.context.SpringBootTestContextBootstrapper - Found @SpringBootConfiguration com.gomjae.book.springboot.Application for test class com.gomjae.book.springboot.web.PostsApiControllerTest
11:31:01.311 [Test worker] DEBUG org.springframework.boot.test.context.SpringBootTestContextBootstrapper - @TestExecutionListeners is not present for class [com.gomjae.book.springboot.web.PostsApiControllerTest]: using defaults.
11:31:01.313 [Test worker] INFO org.springframework.boot.test.context.SpringBootTestContextBootstrapper - Loaded default TestExecutionListener class names from location [META-INF/spring.factories]: [org.springframework.boot.test.autoconfigure.restdocs.RestDocsTestExecutionListener, org.springframework.boot.test.autoconfigure.web.client.MockRestServiceServerResetTestExecutionListener, org.springframework.boot.test.autoconfigure.web.servlet.MockMvcPrintOnlyOnFailureTestExecutionListener, org.springframework.boot.test.autoconfigure.web.servlet.WebDriverTestExecutionListener, org.springframework.boot.test.mock.mockito.MockitoTestExecutionListener, org.springframework.boot.test.mock.mockito.ResetMocksTestExecutionListener, org.springframework.test.context.web.ServletTestExecutionListener, org.springframework.test.context.support.DirtiesContextBeforeModesTestExecutionListener, org.springframework.test.context.support.DependencyInjectionTestExecutionListener, org.springframework.test.context.support.DirtiesContextTestExecutionListener, org.springframework.test.context.transaction.TransactionalTestExecutionListener, org.springframework.test.context.jdbc.SqlScriptsTestExecutionListener]
11:31:01.347 [Test worker] INFO org.springframework.boot.test.context.SpringBootTestContextBootstrapper - Using TestExecutionListeners: [org.springframework.test.context.web.ServletTestExecutionListener@63ebfc2c, org.springframework.test.context.support.DirtiesContextBeforeModesTestExecutionListener@3c07428b, org.springframework.boot.test.mock.mockito.MockitoTestExecutionListener@2b2395, org.springframework.boot.test.autoconfigure.SpringBootDependencyInjectionTestExecutionListener@2bf5c4cf, org.springframework.test.context.support.DirtiesContextTestExecutionListener@17c35701, org.springframework.test.context.transaction.TransactionalTestExecutionListener@11d65c68, org.springframework.test.context.jdbc.SqlScriptsTestExecutionListener@4838e24c, org.springframework.boot.test.autoconfigure.restdocs.RestDocsTestExecutionListener@4d6e9438, org.springframework.boot.test.autoconfigure.web.client.MockRestServiceServerResetTestExecutionListener@4018b9cb, org.springframework.boot.test.autoconfigure.web.servlet.MockMvcPrintOnlyOnFailureTestExecutionListener@638e98bc, org.springframework.boot.test.autoconfigure.web.servlet.WebDriverTestExecutionListener@6cab2c03, org.springframework.boot.test.mock.mockito.ResetMocksTestExecutionListener@555daafa]
11:31:01.353 [Test worker] DEBUG org.springframework.test.annotation.ProfileValueUtils - Retrieved @ProfileValueSourceConfiguration [null] for test class [com.gomjae.book.springboot.web.PostsApiControllerTest]
11:31:01.355 [Test worker] DEBUG org.springframework.test.annotation.ProfileValueUtils - Retrieved ProfileValueSource type [class org.springframework.test.annotation.SystemProfileValueSource] for class [com.gomjae.book.springboot.web.PostsApiControllerTest]
11:31:01.359 [Test worker] DEBUG org.springframework.test.annotation.ProfileValueUtils - Retrieved @ProfileValueSourceConfiguration [null] for test class [com.gomjae.book.springboot.web.PostsApiControllerTest]
11:31:01.359 [Test worker] DEBUG org.springframework.test.annotation.ProfileValueUtils - Retrieved ProfileValueSource type [class org.springframework.test.annotation.SystemProfileValueSource] for class [com.gomjae.book.springboot.web.PostsApiControllerTest]
11:31:01.360 [Test worker] DEBUG org.springframework.test.annotation.ProfileValueUtils - Retrieved @ProfileValueSourceConfiguration [null] for test class [com.gomjae.book.springboot.web.PostsApiControllerTest]
11:31:01.360 [Test worker] DEBUG org.springframework.test.annotation.ProfileValueUtils - Retrieved ProfileValueSource type [class org.springframework.test.annotation.SystemProfileValueSource] for class [com.gomjae.book.springboot.web.PostsApiControllerTest]
11:31:01.368 [Test worker] DEBUG org.springframework.test.context.support.AbstractDirtiesContextTestExecutionListener - Before test class: context [DefaultTestContext@148c0ee7 testClass = PostsApiControllerTest, testInstance = [null], testMethod = [null], testException = [null], mergedContextConfiguration = [WebMergedContextConfiguration@16f34088 testClass = PostsApiControllerTest, locations = '{}', classes = '{class com.gomjae.book.springboot.Application}', contextInitializerClasses = '[]', activeProfiles = '{}', propertySourceLocations = '{}', propertySourceProperties = '{org.springframework.boot.test.context.SpringBootTestContextBootstrapper=true, server.port=0}', contextCustomizers = set[org.springframework.boot.test.autoconfigure.properties.PropertyMappingContextCustomizer@0, org.springframework.boot.test.autoconfigure.web.servlet.WebDriverContextCustomizerFactory$Customizer@29b688fd, org.springframework.boot.test.context.filter.ExcludeFilterContextCustomizer@1fad37e0, org.springframework.boot.test.json.DuplicateJsonObjectContextCustomizerFactory$DuplicateJsonObjectContextCustomizer@50da06ca, org.springframework.boot.test.mock.mockito.MockitoContextCustomizer@0, org.springframework.boot.test.web.client.TestRestTemplateContextCustomizer@7d746795], resourceBasePath = 'src/main/webapp', contextLoader = 'org.springframework.boot.test.context.SpringBootContextLoader', parent = [null]], attributes = map['org.springframework.test.context.web.ServletTestExecutionListener.activateListener' -> false]], class annotated with @DirtiesContext [false] with mode [null].
11:31:01.370 [Test worker] DEBUG org.springframework.test.annotation.ProfileValueUtils - Retrieved @ProfileValueSourceConfiguration [null] for test class [com.gomjae.book.springboot.web.PostsApiControllerTest]
11:31:01.370 [Test worker] DEBUG org.springframework.test.annotation.ProfileValueUtils - Retrieved ProfileValueSource type [class org.springframework.test.annotation.SystemProfileValueSource] for class [com.gomjae.book.springboot.web.PostsApiControllerTest]
11:31:01.377 [Test worker] DEBUG org.springframework.test.context.support.DependencyInjectionTestExecutionListener - Performing dependency injection for test context [[DefaultTestContext@148c0ee7 testClass = PostsApiControllerTest, testInstance = com.gomjae.book.springboot.web.PostsApiControllerTest@235ccd09, testMethod = [null], testException = [null], mergedContextConfiguration = [WebMergedContextConfiguration@16f34088 testClass = PostsApiControllerTest, locations = '{}', classes = '{class com.gomjae.book.springboot.Application}', contextInitializerClasses = '[]', activeProfiles = '{}', propertySourceLocations = '{}', propertySourceProperties = '{org.springframework.boot.test.context.SpringBootTestContextBootstrapper=true, server.port=0}', contextCustomizers = set[org.springframework.boot.test.autoconfigure.properties.PropertyMappingContextCustomizer@0, org.springframework.boot.test.autoconfigure.web.servlet.WebDriverContextCustomizerFactory$Customizer@29b688fd, org.springframework.boot.test.context.filter.ExcludeFilterContextCustomizer@1fad37e0, org.springframework.boot.test.json.DuplicateJsonObjectContextCustomizerFactory$DuplicateJsonObjectContextCustomizer@50da06ca, org.springframework.boot.test.mock.mockito.MockitoContextCustomizer@0, org.springframework.boot.test.web.client.TestRestTemplateContextCustomizer@7d746795], resourceBasePath = 'src/main/webapp', contextLoader = 'org.springframework.boot.test.context.SpringBootContextLoader', parent = [null]], attributes = map['org.springframework.test.context.web.ServletTestExecutionListener.activateListener' -> false]]].
11:31:01.412 [Test worker] DEBUG org.springframework.test.context.support.TestPropertySourceUtils - Adding inlined properties to environment: {spring.jmx.enabled=false, org.springframework.boot.test.context.SpringBootTestContextBootstrapper=true, server.port=0}

  .   ____          _            __ _ _
 /\\ / ___'_ __ _ _(_)_ __  __ _ \ \ \ \
( ( )\___ | '_ | '_| | '_ \/ _` | \ \ \ \
 \\/  ___)| |_)| | | | | || (_| |  ) ) ) )
  '  |____| .__|_| |_|_| |_\__, | / / / /
 =========|_|==============|___/=/_/_/_/
 :: Spring Boot ::        (v2.1.9.RELEASE)

2020-01-17 11:31:02.079  INFO 21456 --- [    Test worker] c.g.b.s.web.PostsApiControllerTest       : Starting PostsApiControllerTest on DESKTOP-SSB7QJB with PID 21456 (started by mmp10 in C:\Users\mmp10\IdeaProjects\springboot-service-project)
2020-01-17 11:31:02.082  INFO 21456 --- [    Test worker] c.g.b.s.web.PostsApiControllerTest       : No active profile set, falling back to default profiles: default
2020-01-17 11:31:03.936  INFO 21456 --- [    Test worker] .s.d.r.c.RepositoryConfigurationDelegate : Bootstrapping Spring Data repositories in DEFAULT mode.
2020-01-17 11:31:04.162  INFO 21456 --- [    Test worker] .s.d.r.c.RepositoryConfigurationDelegate : Finished Spring Data repository scanning in 193ms. Found 1 repository interfaces.
2020-01-17 11:31:05.202  INFO 21456 --- [    Test worker] trationDelegate$BeanPostProcessorChecker : Bean 'org.springframework.transaction.annotation.ProxyTransactionManagementConfiguration' of type [org.springframework.transaction.annotation.ProxyTransactionManagementConfiguration$$EnhancerBySpringCGLIB$$e4134a3c] is not eligible for getting processed by all BeanPostProcessors (for example: not eligible for auto-proxying)
2020-01-17 11:31:06.167  INFO 21456 --- [    Test worker] o.s.b.w.embedded.tomcat.TomcatWebServer  : Tomcat initialized with port(s): 0 (http)
2020-01-17 11:31:06.235  INFO 21456 --- [    Test worker] o.apache.catalina.core.StandardService   : Starting service [Tomcat]
2020-01-17 11:31:06.237  INFO 21456 --- [    Test worker] org.apache.catalina.core.StandardEngine  : Starting Servlet engine: [Apache Tomcat/9.0.26]
2020-01-17 11:31:06.742  INFO 21456 --- [    Test worker] o.a.c.c.C.[Tomcat].[localhost].[/]       : Initializing Spring embedded WebApplicationContext
2020-01-17 11:31:06.743  INFO 21456 --- [    Test worker] o.s.web.context.ContextLoader            : Root WebApplicationContext: initialization completed in 4629 ms
2020-01-17 11:31:07.354  INFO 21456 --- [    Test worker] com.zaxxer.hikari.HikariDataSource       : HikariPool-1 - Starting...
2020-01-17 11:31:07.823  INFO 21456 --- [    Test worker] com.zaxxer.hikari.HikariDataSource       : HikariPool-1 - Start completed.
2020-01-17 11:31:08.760  INFO 21456 --- [    Test worker] o.hibernate.jpa.internal.util.LogHelper  : HHH000204: Processing PersistenceUnitInfo [
	name: default
	...]
2020-01-17 11:31:09.054  INFO 21456 --- [    Test worker] org.hibernate.Version                    : HHH000412: Hibernate Core {5.3.12.Final}
2020-01-17 11:31:09.057  INFO 21456 --- [    Test worker] org.hibernate.cfg.Environment            : HHH000206: hibernate.properties not found
2020-01-17 11:31:09.416  INFO 21456 --- [    Test worker] o.hibernate.annotations.common.Version   : HCANN000001: Hibernate Commons Annotations {5.0.4.Final}
2020-01-17 11:31:09.799  INFO 21456 --- [    Test worker] org.hibernate.dialect.Dialect            : HHH000400: Using dialect: org.hibernate.dialect.MySQL5InnoDBDialect
Hibernate: drop table if exists posts
Hibernate: create table posts (id bigint not null auto_increment, author varchar(255), content Text not null, title varchar(500) not null, primary key (id)) engine=InnoDB
2020-01-17 11:31:11.059  INFO 21456 --- [    Test worker] o.h.t.schema.internal.SchemaCreatorImpl  : HHH000476: Executing import script 'org.hibernate.tool.schema.internal.exec.ScriptSourceInputNonExistentImpl@35063d46'
2020-01-17 11:31:11.065  INFO 21456 --- [    Test worker] j.LocalContainerEntityManagerFactoryBean : Initialized JPA EntityManagerFactory for persistence unit 'default'
2020-01-17 11:31:11.735  INFO 21456 --- [    Test worker] o.h.h.i.QueryTranslatorFactoryInitiator  : HHH000397: Using ASTQueryTranslatorFactory
2020-01-17 11:31:12.952  INFO 21456 --- [    Test worker] o.s.s.concurrent.ThreadPoolTaskExecutor  : Initializing ExecutorService 'applicationTaskExecutor'
2020-01-17 11:31:13.134  WARN 21456 --- [    Test worker] aWebConfiguration$JpaWebMvcConfiguration : spring.jpa.open-in-view is enabled by default. Therefore, database queries may be performed during view rendering. Explicitly configure spring.jpa.open-in-view to disable this warning
2020-01-17 11:31:13.908  INFO 21456 --- [    Test worker] o.s.b.w.embedded.tomcat.TomcatWebServer  : Tomcat started on port(s): 4049 (http) with context path ''
2020-01-17 11:31:13.920  INFO 21456 --- [    Test worker] c.g.b.s.web.PostsApiControllerTest       : Started PostsApiControllerTest in 12.502 seconds (JVM running for 15.38)
2020-01-17 11:31:14.482  INFO 21456 --- [o-auto-1-exec-1] o.a.c.c.C.[Tomcat].[localhost].[/]       : Initializing Spring DispatcherServlet 'dispatcherServlet'
2020-01-17 11:31:14.483  INFO 21456 --- [o-auto-1-exec-1] o.s.web.servlet.DispatcherServlet        : Initializing Servlet 'dispatcherServlet'
2020-01-17 11:31:14.532  INFO 21456 --- [o-auto-1-exec-1] o.s.web.servlet.DispatcherServlet        : Completed initialization in 49 ms
Hibernate: insert into posts (author, content, title) values (?, ?, ?)
Hibernate: select posts0_.id as id1_0_, posts0_.author as author2_0_, posts0_.content as content3_0_, posts0_.title as title4_0_ from posts posts0_
Hibernate: select posts0_.id as id1_0_, posts0_.author as author2_0_, posts0_.content as content3_0_, posts0_.title as title4_0_ from posts posts0_
Hibernate: delete from posts where id=?
]]></system-out>
  <system-err><![CDATA[]]></system-err>
</testsuite>
